0 info it worked if it ends with ok
1 verbose cli [ 'C:\\Program Files\\nodejs\\node.exe',
1 verbose cli   'C:\\Program Files\\nodejs\\node_modules\\npm\\bin\\npm-cli.js',
1 verbose cli   'install',
1 verbose cli   'LDAP' ]
2 info using npm@3.10.10
3 info using node@v6.11.2
4 verbose config Skipping project config: C:\Users\Eng.Hamz Salema/.npmrc. (matches userconfig)
5 silly loadCurrentTree Starting
6 silly install loadCurrentTree
7 silly install readLocalPackageData
8 silly fetchPackageMetaData LDAP
9 silly fetchNamedPackageData LDAP
10 silly mapToRegistry name LDAP
11 silly mapToRegistry using default registry
12 silly mapToRegistry registry https://registry.npmjs.org/
13 silly mapToRegistry data Result {
13 silly mapToRegistry   raw: 'LDAP',
13 silly mapToRegistry   scope: null,
13 silly mapToRegistry   escapedName: 'LDAP',
13 silly mapToRegistry   name: 'LDAP',
13 silly mapToRegistry   rawSpec: '',
13 silly mapToRegistry   spec: 'latest',
13 silly mapToRegistry   type: 'tag' }
14 silly mapToRegistry uri https://registry.npmjs.org/LDAP
15 verbose request uri https://registry.npmjs.org/LDAP
16 verbose request no auth needed
17 info attempt registry request try #1 at 15:52:26
18 verbose request id b6237a6fbd467700
19 http request GET https://registry.npmjs.org/LDAP
20 http 200 https://registry.npmjs.org/LDAP
21 verbose headers { server: 'nginx/1.10.1',
21 verbose headers   'content-type': 'application/json',
21 verbose headers   'last-modified': 'Fri, 26 May 2017 18:09:32 GMT',
21 verbose headers   etag: 'W/"59286f5c-57aa"',
21 verbose headers   'content-encoding': 'gzip',
21 verbose headers   'cache-control': 'max-age=300',
21 verbose headers   'content-length': '5806',
21 verbose headers   'accept-ranges': 'bytes',
21 verbose headers   date: 'Tue, 26 Sep 2017 12:52:27 GMT',
21 verbose headers   via: '1.1 varnish',
21 verbose headers   age: '0',
21 verbose headers   connection: 'keep-alive',
21 verbose headers   'x-served-by': 'cache-fjr7921-FJR',
21 verbose headers   'x-cache': 'MISS',
21 verbose headers   'x-cache-hits': '0',
21 verbose headers   'x-timer': 'S1506430347.552039,VS0,VE1190',
21 verbose headers   vary: 'Accept-Encoding, Accept' }
22 silly get cb [ 200,
22 silly get   { server: 'nginx/1.10.1',
22 silly get     'content-type': 'application/json',
22 silly get     'last-modified': 'Fri, 26 May 2017 18:09:32 GMT',
22 silly get     etag: 'W/"59286f5c-57aa"',
22 silly get     'content-encoding': 'gzip',
22 silly get     'cache-control': 'max-age=300',
22 silly get     'content-length': '5806',
22 silly get     'accept-ranges': 'bytes',
22 silly get     date: 'Tue, 26 Sep 2017 12:52:27 GMT',
22 silly get     via: '1.1 varnish',
22 silly get     age: '0',
22 silly get     connection: 'keep-alive',
22 silly get     'x-served-by': 'cache-fjr7921-FJR',
22 silly get     'x-cache': 'MISS',
22 silly get     'x-cache-hits': '0',
22 silly get     'x-timer': 'S1506430347.552039,VS0,VE1190',
22 silly get     vary: 'Accept-Encoding, Accept' } ]
23 verbose get saving LDAP to C:\Users\Eng.Hamz Salema\AppData\Roaming\npm-cache\registry.npmjs.org\LDAP\.cache.json
24 verbose correctMkdir C:\Users\Eng.Hamz Salema\AppData\Roaming\npm-cache correctMkdir not in flight; initializing
25 silly install normalizeTree
26 silly loadCurrentTree Finishing
27 silly loadIdealTree Starting
28 silly install loadIdealTree
29 silly cloneCurrentTree Starting
30 silly install cloneCurrentTreeToIdealTree
31 silly cloneCurrentTree Finishing
32 silly loadShrinkwrap Starting
33 silly install loadShrinkwrap
34 silly loadShrinkwrap Finishing
35 silly loadAllDepsIntoIdealTree Starting
36 silly install loadAllDepsIntoIdealTree
37 silly resolveWithNewModule LDAP@1.2.1 checking installable status
38 silly cache add args [ 'LDAP', null ]
39 verbose cache add spec LDAP
40 silly cache add parsed spec Result {
40 silly cache add   raw: 'LDAP',
40 silly cache add   scope: null,
40 silly cache add   escapedName: 'LDAP',
40 silly cache add   name: 'LDAP',
40 silly cache add   rawSpec: '',
40 silly cache add   spec: 'latest',
40 silly cache add   type: 'tag' }
41 silly addNamed LDAP@latest
42 verbose addNamed "latest" is being treated as a dist-tag for LDAP
43 info addNameTag [ 'LDAP', 'latest' ]
44 silly mapToRegistry name LDAP
45 silly mapToRegistry using default registry
46 silly mapToRegistry registry https://registry.npmjs.org/
47 silly mapToRegistry data Result {
47 silly mapToRegistry   raw: 'LDAP',
47 silly mapToRegistry   scope: null,
47 silly mapToRegistry   escapedName: 'LDAP',
47 silly mapToRegistry   name: 'LDAP',
47 silly mapToRegistry   rawSpec: '',
47 silly mapToRegistry   spec: 'latest',
47 silly mapToRegistry   type: 'tag' }
48 silly mapToRegistry uri https://registry.npmjs.org/LDAP
49 verbose addNameTag registry:https://registry.npmjs.org/LDAP not in flight; fetching
50 verbose get https://registry.npmjs.org/LDAP not expired, no request
51 silly addNameTag next cb for LDAP with tag latest
52 silly addNamed LDAP@1.2.1
53 verbose addNamed "1.2.1" is a plain semver version for LDAP
54 silly mapToRegistry name LDAP
55 silly mapToRegistry using default registry
56 silly mapToRegistry registry https://registry.npmjs.org/
57 silly mapToRegistry data Result {
57 silly mapToRegistry   raw: 'LDAP',
57 silly mapToRegistry   scope: null,
57 silly mapToRegistry   escapedName: 'LDAP',
57 silly mapToRegistry   name: 'LDAP',
57 silly mapToRegistry   rawSpec: '',
57 silly mapToRegistry   spec: 'latest',
57 silly mapToRegistry   type: 'tag' }
58 silly mapToRegistry uri https://registry.npmjs.org/LDAP
59 verbose addRemoteTarball https://registry.npmjs.org/LDAP/-/LDAP-1.2.1.tgz not in flight; adding
60 verbose addRemoteTarball [ 'https://registry.npmjs.org/LDAP/-/LDAP-1.2.1.tgz',
60 verbose addRemoteTarball   '2370dd8a52c3b046c925d17160c2ca07e896b2bd' ]
61 info retry fetch attempt 1 at 15:52:28
62 info attempt registry request try #1 at 15:52:28
63 http fetch GET https://registry.npmjs.org/LDAP/-/LDAP-1.2.1.tgz
64 http fetch 200 https://registry.npmjs.org/LDAP/-/LDAP-1.2.1.tgz
65 silly fetchAndShaCheck shasum 2370dd8a52c3b046c925d17160c2ca07e896b2bd
66 verbose addTmpTarball C:\Users\ENG~1.HAM\AppData\Local\Temp\npm-1424-d4c1cea3\registry.npmjs.org\LDAP\-\LDAP-1.2.1.tgz not in flight; adding
67 verbose addTmpTarball already have metadata; skipping unpack for LDAP@1.2.1
68 verbose correctMkdir C:\Users\Eng.Hamz Salema\AppData\Roaming\npm-cache correctMkdir not in flight; initializing
69 silly cache afterAdd LDAP@1.2.1
70 verbose afterAdd C:\Users\Eng.Hamz Salema\AppData\Roaming\npm-cache\LDAP\1.2.1\package\package.json not in flight; writing
71 verbose correctMkdir C:\Users\Eng.Hamz Salema\AppData\Roaming\npm-cache correctMkdir not in flight; initializing
72 verbose afterAdd C:\Users\Eng.Hamz Salema\AppData\Roaming\npm-cache\LDAP\1.2.1\package\package.json written
73 silly loadAllDepsIntoIdealTree Finishing
74 silly loadIdealTree Finishing
75 silly currentTree Eng.Hamz Salema
75 silly currentTree +-- @ngui/map@0.18.6
75 silly currentTree +-- @types/googlemaps@3.26.20
75 silly currentTree +-- ansi-regex@2.1.1
75 silly currentTree +-- ansi-styles@2.2.1
75 silly currentTree +-- archiver-utils@1.3.0
75 silly currentTree +-- archiver@1.3.0
75 silly currentTree +-- asn1@0.2.3
75 silly currentTree +-- assert-plus@0.2.0
75 silly currentTree +-- async@2.0.1
75 silly currentTree +-- asynckit@0.4.0
75 silly currentTree +-- aws-sign2@0.6.0
75 silly currentTree +-- aws4@1.6.0
75 silly currentTree +-- balanced-match@1.0.0
75 silly currentTree +-- bcrypt-pbkdf@1.0.1
75 silly currentTree +-- bl@1.2.1
75 silly currentTree +-- boom@2.10.1
75 silly currentTree +-- brace-expansion@1.1.8
75 silly currentTree +-- buffer-crc32@0.2.13
75 silly currentTree +-- caseless@0.11.0
75 silly currentTree +-- chalk@1.1.3
75 silly currentTree +-- combined-stream@1.0.5
75 silly currentTree +-- commander@2.11.0
75 silly currentTree +-- compress-commons@1.2.0
75 silly currentTree +-- concat-map@0.0.1
75 silly currentTree +-- core-js@2.3.0
75 silly currentTree +-- core-util-is@1.0.2
75 silly currentTree +-- crc@3.4.4
75 silly currentTree +-- crc32-stream@2.0.0
75 silly currentTree +-- cryptiles@2.0.5
75 silly currentTree +-- dashdash@1.14.1
75 silly currentTree | `-- assert-plus@1.0.0
75 silly currentTree +-- delayed-stream@1.0.0
75 silly currentTree +-- ecc-jsbn@0.1.1
75 silly currentTree +-- end-of-stream@1.4.0
75 silly currentTree +-- es6-promise@3.0.2
75 silly currentTree +-- escape-string-regexp@1.0.5
75 silly currentTree +-- extend@3.0.1
75 silly currentTree +-- extsprintf@1.3.0
75 silly currentTree +-- forever-agent@0.6.1
75 silly currentTree +-- form-data@2.1.4
75 silly currentTree +-- fs.realpath@1.0.0
75 silly currentTree +-- generate-function@2.0.0
75 silly currentTree +-- generate-object-property@1.2.0
75 silly currentTree +-- getpass@0.1.7
75 silly currentTree | `-- assert-plus@1.0.0
75 silly currentTree +-- glob@7.1.2
75 silly currentTree +-- graceful-fs@4.1.11
75 silly currentTree +-- har-validator@2.0.6
75 silly currentTree +-- has-ansi@2.0.0
75 silly currentTree +-- hawk@3.1.3
75 silly currentTree +-- hoek@2.16.3
75 silly currentTree +-- http-signature@1.1.1
75 silly currentTree +-- immediate@3.0.6
75 silly currentTree +-- inflight@1.0.6
75 silly currentTree +-- inherits@2.0.3
75 silly currentTree +-- is-my-json-valid@2.16.0
75 silly currentTree +-- is-property@1.0.2
75 silly currentTree +-- is-typedarray@1.0.0
75 silly currentTree +-- isarray@1.0.0
75 silly currentTree +-- isstream@0.1.2
75 silly currentTree +-- jsbn@0.1.1
75 silly currentTree +-- json-schema@0.2.3
75 silly currentTree +-- json-stringify-safe@5.0.1
75 silly currentTree +-- jsonpointer@4.0.1
75 silly currentTree +-- jsprim@1.4.1
75 silly currentTree | `-- assert-plus@1.0.0
75 silly currentTree +-- jszip@3.1.3
75 silly currentTree +-- lazystream@1.0.0
75 silly currentTree +-- lie@3.1.1
75 silly currentTree +-- lodash@4.16.2
75 silly currentTree +-- mime-db@1.29.0
75 silly currentTree +-- mime-types@2.1.16
75 silly currentTree +-- minimatch@3.0.4
75 silly currentTree +-- minimist@0.0.8
75 silly currentTree +-- mkdirp@0.5.1
75 silly currentTree +-- normalize-path@2.1.1
75 silly currentTree +-- oauth-sign@0.8.2
75 silly currentTree +-- once@1.4.0
75 silly currentTree +-- os-tmpdir@1.0.2
75 silly currentTree +-- pako@1.0.5
75 silly currentTree +-- path-is-absolute@1.0.1
75 silly currentTree +-- pinkie-promise@2.0.1
75 silly currentTree +-- pinkie@2.0.4
75 silly currentTree +-- process-nextick-args@1.0.7
75 silly currentTree +-- punycode@1.4.1
75 silly currentTree +-- q@1.4.1
75 silly currentTree +-- qs@6.3.2
75 silly currentTree +-- readable-stream@2.0.6
75 silly currentTree +-- remove-trailing-separator@1.1.0
75 silly currentTree +-- request@2.79.0
75 silly currentTree +-- rimraf@2.6.1
75 silly currentTree +-- sax@1.2.4
75 silly currentTree +-- selenium-webdriver@3.5.0
75 silly currentTree +-- sntp@1.0.9
75 silly currentTree +-- sprintf-js@1.1.1
75 silly currentTree +-- sshpk@1.13.1
75 silly currentTree | `-- assert-plus@1.0.0
75 silly currentTree +-- string_decoder@0.10.31
75 silly currentTree +-- stringstream@0.0.5
75 silly currentTree +-- strip-ansi@3.0.1
75 silly currentTree +-- supports-color@2.0.0
75 silly currentTree +-- tar-stream@1.5.4
75 silly currentTree +-- tmp@0.0.30
75 silly currentTree +-- tough-cookie@2.3.2
75 silly currentTree +-- tslib@1.7.1
75 silly currentTree +-- tunnel-agent@0.4.3
75 silly currentTree +-- tweetnacl@0.14.5
75 silly currentTree +-- underscore.string@3.3.4
75 silly currentTree +-- util-deprecate@1.0.2
75 silly currentTree +-- uuid@3.1.0
75 silly currentTree +-- vargs@0.1.0
75 silly currentTree +-- verror@1.10.0
75 silly currentTree | `-- assert-plus@1.0.0
75 silly currentTree +-- walkdir@0.0.11
75 silly currentTree +-- wd@1.4.0
75 silly currentTree +-- wrappy@1.0.2
75 silly currentTree +-- xml2js@0.4.19
75 silly currentTree +-- xmlbuilder@9.0.4
75 silly currentTree +-- xtend@4.0.1
75 silly currentTree `-- zip-stream@1.2.0
76 silly idealTree Eng.Hamz Salema
76 silly idealTree +-- @ngui/map@0.18.6
76 silly idealTree +-- @types/googlemaps@3.26.20
76 silly idealTree +-- ansi-regex@2.1.1
76 silly idealTree +-- ansi-styles@2.2.1
76 silly idealTree +-- archiver-utils@1.3.0
76 silly idealTree +-- archiver@1.3.0
76 silly idealTree +-- asn1@0.2.3
76 silly idealTree +-- assert-plus@0.2.0
76 silly idealTree +-- async@2.0.1
76 silly idealTree +-- asynckit@0.4.0
76 silly idealTree +-- aws-sign2@0.6.0
76 silly idealTree +-- aws4@1.6.0
76 silly idealTree +-- balanced-match@1.0.0
76 silly idealTree +-- bcrypt-pbkdf@1.0.1
76 silly idealTree +-- bl@1.2.1
76 silly idealTree +-- boom@2.10.1
76 silly idealTree +-- brace-expansion@1.1.8
76 silly idealTree +-- buffer-crc32@0.2.13
76 silly idealTree +-- caseless@0.11.0
76 silly idealTree +-- chalk@1.1.3
76 silly idealTree +-- combined-stream@1.0.5
76 silly idealTree +-- commander@2.11.0
76 silly idealTree +-- compress-commons@1.2.0
76 silly idealTree +-- concat-map@0.0.1
76 silly idealTree +-- core-js@2.3.0
76 silly idealTree +-- core-util-is@1.0.2
76 silly idealTree +-- crc@3.4.4
76 silly idealTree +-- crc32-stream@2.0.0
76 silly idealTree +-- cryptiles@2.0.5
76 silly idealTree +-- dashdash@1.14.1
76 silly idealTree | `-- assert-plus@1.0.0
76 silly idealTree +-- delayed-stream@1.0.0
76 silly idealTree +-- ecc-jsbn@0.1.1
76 silly idealTree +-- end-of-stream@1.4.0
76 silly idealTree +-- es6-promise@3.0.2
76 silly idealTree +-- escape-string-regexp@1.0.5
76 silly idealTree +-- extend@3.0.1
76 silly idealTree +-- extsprintf@1.3.0
76 silly idealTree +-- forever-agent@0.6.1
76 silly idealTree +-- form-data@2.1.4
76 silly idealTree +-- fs.realpath@1.0.0
76 silly idealTree +-- generate-function@2.0.0
76 silly idealTree +-- generate-object-property@1.2.0
76 silly idealTree +-- getpass@0.1.7
76 silly idealTree | `-- assert-plus@1.0.0
76 silly idealTree +-- glob@7.1.2
76 silly idealTree +-- graceful-fs@4.1.11
76 silly idealTree +-- har-validator@2.0.6
76 silly idealTree +-- has-ansi@2.0.0
76 silly idealTree +-- hawk@3.1.3
76 silly idealTree +-- hoek@2.16.3
76 silly idealTree +-- http-signature@1.1.1
76 silly idealTree +-- immediate@3.0.6
76 silly idealTree +-- inflight@1.0.6
76 silly idealTree +-- inherits@2.0.3
76 silly idealTree +-- is-my-json-valid@2.16.0
76 silly idealTree +-- is-property@1.0.2
76 silly idealTree +-- is-typedarray@1.0.0
76 silly idealTree +-- isarray@1.0.0
76 silly idealTree +-- isstream@0.1.2
76 silly idealTree +-- jsbn@0.1.1
76 silly idealTree +-- json-schema@0.2.3
76 silly idealTree +-- json-stringify-safe@5.0.1
76 silly idealTree +-- jsonpointer@4.0.1
76 silly idealTree +-- jsprim@1.4.1
76 silly idealTree | `-- assert-plus@1.0.0
76 silly idealTree +-- jszip@3.1.3
76 silly idealTree +-- lazystream@1.0.0
76 silly idealTree +-- LDAP@1.2.1
76 silly idealTree +-- lie@3.1.1
76 silly idealTree +-- lodash@4.16.2
76 silly idealTree +-- mime-db@1.29.0
76 silly idealTree +-- mime-types@2.1.16
76 silly idealTree +-- minimatch@3.0.4
76 silly idealTree +-- minimist@0.0.8
76 silly idealTree +-- mkdirp@0.5.1
76 silly idealTree +-- normalize-path@2.1.1
76 silly idealTree +-- oauth-sign@0.8.2
76 silly idealTree +-- once@1.4.0
76 silly idealTree +-- os-tmpdir@1.0.2
76 silly idealTree +-- pako@1.0.5
76 silly idealTree +-- path-is-absolute@1.0.1
76 silly idealTree +-- pinkie-promise@2.0.1
76 silly idealTree +-- pinkie@2.0.4
76 silly idealTree +-- process-nextick-args@1.0.7
76 silly idealTree +-- punycode@1.4.1
76 silly idealTree +-- q@1.4.1
76 silly idealTree +-- qs@6.3.2
76 silly idealTree +-- readable-stream@2.0.6
76 silly idealTree +-- remove-trailing-separator@1.1.0
76 silly idealTree +-- request@2.79.0
76 silly idealTree +-- rimraf@2.6.1
76 silly idealTree +-- sax@1.2.4
76 silly idealTree +-- selenium-webdriver@3.5.0
76 silly idealTree +-- sntp@1.0.9
76 silly idealTree +-- sprintf-js@1.1.1
76 silly idealTree +-- sshpk@1.13.1
76 silly idealTree | `-- assert-plus@1.0.0
76 silly idealTree +-- string_decoder@0.10.31
76 silly idealTree +-- stringstream@0.0.5
76 silly idealTree +-- strip-ansi@3.0.1
76 silly idealTree +-- supports-color@2.0.0
76 silly idealTree +-- tar-stream@1.5.4
76 silly idealTree +-- tmp@0.0.30
76 silly idealTree +-- tough-cookie@2.3.2
76 silly idealTree +-- tslib@1.7.1
76 silly idealTree +-- tunnel-agent@0.4.3
76 silly idealTree +-- tweetnacl@0.14.5
76 silly idealTree +-- underscore.string@3.3.4
76 silly idealTree +-- util-deprecate@1.0.2
76 silly idealTree +-- uuid@3.1.0
76 silly idealTree +-- vargs@0.1.0
76 silly idealTree +-- verror@1.10.0
76 silly idealTree | `-- assert-plus@1.0.0
76 silly idealTree +-- walkdir@0.0.11
76 silly idealTree +-- wd@1.4.0
76 silly idealTree +-- wrappy@1.0.2
76 silly idealTree +-- xml2js@0.4.19
76 silly idealTree +-- xmlbuilder@9.0.4
76 silly idealTree +-- xtend@4.0.1
76 silly idealTree `-- zip-stream@1.2.0
77 silly generateActionsToTake Starting
78 silly install generateActionsToTake
79 silly generateActionsToTake Finishing
80 silly diffTrees action count 1
81 silly diffTrees add LDAP@1.2.1
82 silly decomposeActions action count 8
83 silly decomposeActions fetch LDAP@1.2.1
84 silly decomposeActions extract LDAP@1.2.1
85 silly decomposeActions test LDAP@1.2.1
86 silly decomposeActions preinstall LDAP@1.2.1
87 silly decomposeActions build LDAP@1.2.1
88 silly decomposeActions install LDAP@1.2.1
89 silly decomposeActions postinstall LDAP@1.2.1
90 silly decomposeActions finalize LDAP@1.2.1
91 silly runTopLevelLifecycles Starting
92 silly executeActions Starting
93 silly install executeActions
94 silly doSerial global-install 0
95 silly doParallel fetch 1
96 verbose correctMkdir C:\Users\Eng.Hamz Salema\AppData\Roaming\npm-cache\_locks correctMkdir not in flight; initializing
97 verbose lock using C:\Users\Eng.Hamz Salema\AppData\Roaming\npm-cache\_locks\staging-3702216cbf0ead8d.lock for C:\Users\Eng.Hamz Salema\node_modules\.staging
98 silly doParallel extract 1
99 silly extract LDAP@1.2.1
100 verbose unbuild node_modules\.staging\LDAP-0aef6004
101 silly gentlyRm C:\Users\Eng.Hamz Salema\node_modules\.staging\LDAP-0aef6004 is being purged from base C:\Users\Eng.Hamz Salema
102 verbose gentlyRm don't care about contents; nuking C:\Users\Eng.Hamz Salema\node_modules\.staging\LDAP-0aef6004
103 verbose tar unpack C:\Users\Eng.Hamz Salema\AppData\Roaming\npm-cache\LDAP\1.2.1\package.tgz
104 verbose tar unpacking to C:\Users\Eng.Hamz Salema\node_modules\.staging\LDAP-0aef6004
105 silly gentlyRm C:\Users\Eng.Hamz Salema\node_modules\.staging\LDAP-0aef6004 is being purged
106 verbose gentlyRm don't care about contents; nuking C:\Users\Eng.Hamz Salema\node_modules\.staging\LDAP-0aef6004
107 silly gunzTarPerm modes [ '777', '666' ]
108 silly gunzTarPerm extractEntry package.json
109 silly gunzTarPerm modified mode [ 'package.json', 420, 438 ]
110 silly gunzTarPerm extractEntry .npmignore
111 silly gunzTarPerm modified mode [ '.npmignore', 420, 438 ]
112 silly gunzTarPerm extractEntry README.md
113 silly gunzTarPerm modified mode [ 'README.md', 420, 438 ]
114 silly gunzTarPerm extractEntry LICENCE
115 silly gunzTarPerm modified mode [ 'LICENCE', 420, 438 ]
116 silly gunzTarPerm extractEntry LDAP.js
117 silly gunzTarPerm modified mode [ 'LDAP.js', 420, 438 ]
118 silly gunzTarPerm extractEntry schema.js
119 silly gunzTarPerm modified mode [ 'schema.js', 420, 438 ]
120 silly gunzTarPerm extractEntry binding.gyp
121 silly gunzTarPerm modified mode [ 'binding.gyp', 420, 438 ]
122 silly gunzTarPerm extractEntry doc/draft-zeilenga-ldup-sync-05 - The Lightweight Directory Access Protocol (LDAP) Content Synchronization Operation.html
123 silly gunzTarPerm modified mode [ 'doc/draft-zeilenga-ldup-sync-05 - The Lightweight Directory Access Protocol (LDAP) Content Synchronization Operation.html',
123 silly gunzTarPerm   420,
123 silly gunzTarPerm   438 ]
124 silly gunzTarPerm extractEntry doc/ldap_sync.c
125 silly gunzTarPerm modified mode [ 'doc/ldap_sync.c', 420, 438 ]
126 silly gunzTarPerm extractEntry src/LDAP.cc
127 silly gunzTarPerm modified mode [ 'src/LDAP.cc', 420, 438 ]
128 silly gunzTarPerm extractEntry src/Makefile
129 silly gunzTarPerm modified mode [ 'src/Makefile', 420, 438 ]
130 silly gunzTarPerm extractEntry tests/.npmignore
131 silly gunzTarPerm modified mode [ 'tests/.npmignore', 420, 438 ]
132 silly gunzTarPerm extractEntry tests/README.md
133 silly gunzTarPerm modified mode [ 'tests/README.md', 420, 438 ]
134 silly gunzTarPerm extractEntry tests/alltests.js
135 silly gunzTarPerm modified mode [ 'tests/alltests.js', 420, 438 ]
136 silly gunzTarPerm extractEntry tests/synctest.js
137 silly gunzTarPerm modified mode [ 'tests/synctest.js', 420, 438 ]
138 silly gunzTarPerm extractEntry tests/add2.ldif
139 silly gunzTarPerm modified mode [ 'tests/add2.ldif', 420, 438 ]
140 silly gunzTarPerm extractEntry tests/add.ldif
141 silly gunzTarPerm modified mode [ 'tests/add.ldif', 420, 438 ]
142 silly gunzTarPerm extractEntry tests/run_sync.sh
143 silly gunzTarPerm modified mode [ 'tests/run_sync.sh', 493, 511 ]
144 silly gunzTarPerm extractEntry tests/run_tests.sh
145 silly gunzTarPerm modified mode [ 'tests/run_tests.sh', 493, 511 ]
146 silly gunzTarPerm extractEntry tests/slapd.conf
147 silly gunzTarPerm modified mode [ 'tests/slapd.conf', 420, 438 ]
148 silly gunzTarPerm extractEntry tests/startup.ldif
149 silly gunzTarPerm modified mode [ 'tests/startup.ldif', 420, 438 ]
150 silly gunzTarPerm extractEntry tests/custom.schema
151 silly gunzTarPerm modified mode [ 'tests/custom.schema', 420, 438 ]
152 silly gentlyRm C:\Users\Eng.Hamz Salema\node_modules\.staging\LDAP-0aef6004\node_modules is being purged
153 verbose gentlyRm don't care about contents; nuking C:\Users\Eng.Hamz Salema\node_modules\.staging\LDAP-0aef6004\node_modules
154 silly doParallel preinstall 1
155 silly preinstall LDAP@1.2.1 C:\Users\Eng.Hamz Salema\node_modules\.staging\LDAP-0aef6004
156 info lifecycle LDAP@1.2.1~preinstall: LDAP@1.2.1
157 silly lifecycle LDAP@1.2.1~preinstall: no script for preinstall, continuing
158 silly doReverseSerial remove 0
159 silly doSerial move 0
160 silly doSerial finalize 1
161 silly finalize C:\Users\Eng.Hamz Salema\node_modules\LDAP
162 silly doSerial build 1
163 silly build LDAP@1.2.1
164 info linkStuff LDAP@1.2.1
165 silly linkStuff LDAP@1.2.1 has C:\Users\Eng.Hamz Salema\node_modules as its parent node_modules
166 verbose linkBins LDAP@1.2.1
167 verbose linkMans LDAP@1.2.1
168 silly doSerial global-link 0
169 silly doParallel update-linked 0
170 silly doSerial install 1
171 silly install LDAP@1.2.1 C:\Users\Eng.Hamz Salema\node_modules\.staging\LDAP-0aef6004
172 info lifecycle LDAP@1.2.1~install: LDAP@1.2.1
173 verbose lifecycle LDAP@1.2.1~install: unsafe-perm in lifecycle true
174 verbose lifecycle LDAP@1.2.1~install: PATH: C:\Program Files\nodejs\node_modules\npm\bin\node-gyp-bin;C:\Users\Eng.Hamz Salema\node_modules\LDAP\node_modules\.bin;C:\Users\Eng.Hamz Salema\node_modules\.bin;C:\ProgramData\Oracle\Java\javapath;C:\WINDOWS\system32;C:\WINDOWS;C:\WINDOWS\System32\Wbem;C:\WINDOWS\System32\WindowsPowerShell\v1.0\;C:\Program Files\Git\cmd;C:\Program Files\nodejs\;C:\Program Files (x86)\Yarn\bin;C:\Android\sdk\platform-tools;C:\Python27;C:\Python27\Scripts;C:\Users\Eng.Hamz Salema\AppData\Roaming\npm;C:\Users\Eng.Hamz Salema\AppData\Local\Yarn\bin;C:\Users\Eng.Hamz Salema\AppData\Local\Microsoft\WindowsApps;C:\Program Files (x86)\Microsoft VS Code\bin
175 verbose lifecycle LDAP@1.2.1~install: CWD: C:\Users\Eng.Hamz Salema\node_modules\LDAP
176 silly lifecycle LDAP@1.2.1~install: Args: [ '/d /s /c', 'node-gyp rebuild' ]
177 silly lifecycle LDAP@1.2.1~install: Returned: code: 1  signal: null
178 info lifecycle LDAP@1.2.1~install: Failed to exec install script
179 verbose unlock done using C:\Users\Eng.Hamz Salema\AppData\Roaming\npm-cache\_locks\staging-3702216cbf0ead8d.lock for C:\Users\Eng.Hamz Salema\node_modules\.staging
180 silly rollbackFailedOptional Starting
181 silly rollbackFailedOptional Finishing
182 silly runTopLevelLifecycles Finishing
183 silly install printInstalled
184 warn enoent ENOENT: no such file or directory, open 'C:\Users\Eng.Hamz Salema\package.json'
185 verbose enoent ENOENT: no such file or directory, open 'C:\Users\Eng.Hamz Salema\package.json'
185 verbose enoent This is most likely not a problem with npm itself
185 verbose enoent and is related to npm not being able to find a file.
186 warn Eng.Hamz Salema No description
187 verbose If you need help, you may report this error at:
187 verbose     <https://github.com/npm/npm/issues>
188 warn Eng.Hamz Salema No repository field.
189 verbose If you need help, you may report this error at:
189 verbose     <https://github.com/npm/npm/issues>
190 warn Eng.Hamz Salema No README data
191 verbose If you need help, you may report this error at:
191 verbose     <https://github.com/npm/npm/issues>
192 warn Eng.Hamz Salema No license field.
193 verbose If you need help, you may report this error at:
193 verbose     <https://github.com/npm/npm/issues>
194 verbose stack Error: LDAP@1.2.1 install: `node-gyp rebuild`
194 verbose stack Exit status 1
194 verbose stack     at EventEmitter.<anonymous> (C:\Program Files\nodejs\node_modules\npm\lib\utils\lifecycle.js:255:16)
194 verbose stack     at emitTwo (events.js:106:13)
194 verbose stack     at EventEmitter.emit (events.js:191:7)
194 verbose stack     at ChildProcess.<anonymous> (C:\Program Files\nodejs\node_modules\npm\lib\utils\spawn.js:40:14)
194 verbose stack     at emitTwo (events.js:106:13)
194 verbose stack     at ChildProcess.emit (events.js:191:7)
194 verbose stack     at maybeClose (internal/child_process.js:891:16)
194 verbose stack     at Process.ChildProcess._handle.onexit (internal/child_process.js:226:5)
195 verbose pkgid LDAP@1.2.1
196 verbose cwd C:\Users\Eng.Hamz Salema\odoo
197 error Windows_NT 10.0.15063
198 error argv "C:\\Program Files\\nodejs\\node.exe" "C:\\Program Files\\nodejs\\node_modules\\npm\\bin\\npm-cli.js" "install" "LDAP"
199 error node v6.11.2
200 error npm  v3.10.10
201 error code ELIFECYCLE
202 error LDAP@1.2.1 install: `node-gyp rebuild`
202 error Exit status 1
203 error Failed at the LDAP@1.2.1 install script 'node-gyp rebuild'.
203 error Make sure you have the latest version of node.js and npm installed.
203 error If you do, this is most likely a problem with the LDAP package,
203 error not with npm itself.
203 error Tell the author that this fails on your system:
203 error     node-gyp rebuild
203 error You can get information on how to open an issue for this project with:
203 error     npm bugs LDAP
203 error Or if that isn't available, you can get their info via:
203 error     npm owner ls LDAP
203 error There is likely additional logging output above.
204 verbose exit [ 1, true ]
